25  2784.743164
0 1623.281982
1 1767.878906
2 1992.687622
3 2456.101318
4 2116.442383
5 2039.397095
6 2137.046631
7 1922.002319
8 1829.990845
9 1789.652832
10 1784.437134
11 1814.383789
12 1903.288330
13 1913.212158
14 2043.375732
15 1988.156250
16 2107.910889
17 1907.263916
18 1824.405273
19 1789.845581
20 1787.579590
21 1815.225220
22 1878.985107
23 1997.985107
24 2226.418701
25 2784.743164
26 2174.404785
27 1892.730591
28 1717.867920
29 1593.828979
30 1498.888428
31 1422.574341
32 1359.111938
33 1305.007568
34 1257.999634
35 1216.545166
36 1179.547974
37 1146.202637
38 1115.901001
39 1088.172852
40 1062.647583
41 1039.028076
42 1017.072632
43 996.581970
44 977.390015
45 959.356995
46 942.364075
47 926.309326
48 911.104858
49 896.674438
